<?xml version="1.0" encoding="UTF-8"?>
<!-- Generated by org.testng.reporters.JUnitXMLReporter -->
<testsuite hostname="DESKTOP-PU16VBP" ignored="0" name="XERO Test on Firefox " tests="3" failures="2" timestamp="2020-12-10T16:36:08 CST" time="34.621" errors="0">
  <testcase name="TC2_login_With_InValidPassword_Test" time="0.766" classname="com.Tests.LoginTest">
    <failure type="java.lang.AssertionError" message="expected [Your email or password is incorrect] but found [Your email or password is incorrect
Forgot your password?]">
      <![CDATA[java.lang.AssertionError: expected [Your email or password is incorrect] but found [Your email or password is incorrect
Forgot your password?]
at com.Tests.LoginTest.TC2_login_With_InValidPassword_Test(LoginTest.java:67)
at java.util.ArrayList.forEach(ArrayList.java:1257)
at java.util.concurrent.FutureTask.run(FutureTask.java:266)
at java.util.concurrent.ThreadPoolExecutor.runWorker(ThreadPoolExecutor.java:1149)
at java.util.concurrent.ThreadPoolExecutor$Worker.run(ThreadPoolExecutor.java:624)
at java.lang.Thread.run(Thread.java:748)
... Removed 23 stack frames]]>
    </failure>
  </testcase> <!-- TC2_login_With_InValidPassword_Test -->
  <testcase name="TC3_login_With_InValid_Username_Test" time="2.824" classname="com.Tests.LoginTest">
    <failure type="java.lang.AssertionError" message="expected [Your email or password is incorrect] but found [Your email or password is incorrect
Forgot your password?]">
      <![CDATA[java.lang.AssertionError: expected [Your email or password is incorrect] but found [Your email or password is incorrect
Forgot your password?]
at com.Tests.LoginTest.TC3_login_With_InValid_Username_Test(LoginTest.java:97)
at java.util.ArrayList.forEach(ArrayList.java:1257)
at java.util.concurrent.FutureTask.run(FutureTask.java:266)
at java.util.concurrent.ThreadPoolExecutor.runWorker(ThreadPoolExecutor.java:1149)
at java.util.concurrent.ThreadPoolExecutor$Worker.run(ThreadPoolExecutor.java:624)
at java.lang.Thread.run(Thread.java:748)
... Removed 23 stack frames]]>
    </failure>
  </testcase> <!-- TC3_login_With_InValid_Username_Test -->
  <testcase name="TC4_ForgotPassword_Test" time="2.34" classname="com.Tests.LoginTest"/>
</testsuite> <!-- XERO Test on Firefox  -->
